Loading settings from: C:\Users\13694\SUN-DIC\run_canon_settings.ini

DIC Job Settings:
------------------------------------------------
                Debug Level : 1
               Image Folder : C:\Users\13694\dic-data\Canon
                  CPU Count : 1
                   DIC Type : Planar
                Subset Size : 41
                  Step Size : 8
            Shape Functions : Affine
         Reference Strategy : Absolute
            Starting Points : 6
         Gaussian Blur Size : 5
       Gaussian Blur StdDev : 0.0
                Datum Image : 0
               Target Image : 10
                  Increment : 1
                        ROI : [2430, 2200, 94, 5139]
          Background Cutoff : 25
                  Mask File : 
     Optimization Algorithm : IC-LM
             Max Iterations : 50
        Interpolation Order : 3
      Convergence Threshold : 0.0001
             NZCC Threshold : 0.8


============================================================
Starting DIC analysis...
============================================================

ROI : 
---------------------------------
  XStart  = 2430
  YStart  = 2200
  XLength = 94
  YLength = 5139
WARNING: Some subsets near the ROI/image edges were excluded so that
         the full nominal subset size fits within the image bounds.
         Candidate subsets : 7716
         Excluded subsets  : 2352
         Retained subsets  : 5364

Subset Information : 
---------------------------------
       Number of candidate subsets : 7716
        Number of subsets retained : 5364
        Number of subsets excluded : 2352
     Number of rows in subset grid : 447
  Number of columns in subset grid : 12
      Effective x range of centres : 2430 to 2518
      Effective y range of centres : 2200 to 5768

Image Pair Information :
---------------------------------
  Number of image pairs : 10

Starting IC Optimization for Image Pair: 0
---------------------------------
  Subset      0 of   5364: ID ( 430,   0)  Iteration Cnt   1
  Subset    100 of   5364: ID ( 438,   2)  Iteration Cnt   1
  Subset    200 of   5364: ID ( 377,   3)  Iteration Cnt   4
  Subset    300 of   5364: ID ( 400,   1)  Iteration Cnt   1
  Subset    400 of   5364: ID ( 407,   6)  Iteration Cnt   1
  Subset    500 of   5364: ID ( 382,   7)  Iteration Cnt   5
  Subset    600 of   5364: ID ( 389,   9)  Iteration Cnt   4
  Subset    700 of   5364: ID ( 176,   8)  Iteration Cnt   1
  Subset    800 of   5364: ID ( 174,   7)  Iteration Cnt   5
  Subset    900 of   5364: ID ( 168,   8)  Iteration Cnt   5
  Subset   1000 of   5364: ID ( 200,   7)  Iteration Cnt   5
  Subset   1100 of   5364: ID ( 193,   8)  Iteration Cnt   7
  Subset   1200 of   5364: ID (  85,  11)  Iteration Cnt   4
  Subset   1300 of   5364: ID (  55,   9)  Iteration Cnt   5
  Subset   1400 of   5364: ID (  29,   9)  Iteration Cnt   1
  Subset   1500 of   5364: ID (  34,   8)  Iteration Cnt   1
  Subset   1600 of   5364: ID (  48,   8)  Iteration Cnt   4
  Subset   1700 of   5364: ID ( 210,   5)  Iteration Cnt   5
  Subset   1800 of   5364: ID (  66,   4)  Iteration Cnt   4
  Subset   1900 of   5364: ID (   6,   5)  Iteration Cnt   1
  Subset   2000 of   5364: ID (   0,  11)  Iteration Cnt   4
  Subset   2100 of   5364: ID ( 100,   9)  Iteration Cnt   4
  Subset   2200 of   5364: ID (  19,   6)  Iteration Cnt   4
  Subset   2300 of   5364: ID ( 102,   8)  Iteration Cnt   1
  Subset   2400 of   5364: ID ( 260,   4)  Iteration Cnt   4
  Subset   2500 of   5364: ID ( 268,   3)  Iteration Cnt   4
  Subset   2600 of   5364: ID ( 108,   6)  Iteration Cnt   6
  Subset   2700 of   5364: ID (  69,   2)  Iteration Cnt   4
  Subset   2800 of   5364: ID ( 288,   2)  Iteration Cnt   4
  Subset   2900 of   5364: ID ( 317,   6)  Iteration Cnt   1
  Subset   3000 of   5364: ID ( 142,   1)  Iteration Cnt   1
  Subset   3100 of   5364: ID ( 145,   2)  Iteration Cnt   4
  Subset   3200 of   5364: ID ( 375,   9)  Iteration Cnt   6
  Subset   3300 of   5364: ID ( 231,   8)  Iteration Cnt   7
  Subset   3400 of   5364: ID ( 244,   0)  Iteration Cnt   8
  Subset   3500 of   5364: ID ( 246,   7)  Iteration Cnt   1
  Subset   3600 of   5364: ID ( 254,   8)  Iteration Cnt   4
  Subset   3700 of   5364: ID ( 285,   3)  Iteration Cnt   4
  Subset   3800 of   5364: ID ( 116,   7)  Iteration Cnt   5
  Subset   3900 of   5364: ID ( 164,   2)  Iteration Cnt   4
  Subset   4000 of   5364: ID ( 133,   5)  Iteration Cnt   4
  Subset   4100 of   5364: ID ( 163,   3)  Iteration Cnt   1
  Subset   4200 of   5364: ID ( 146,   3)  Iteration Cnt   1
  Subset   4300 of   5364: ID ( 345,   0)  Iteration Cnt   6
  Subset   4400 of   5364: ID ( 323,   8)  Iteration Cnt   1
  Subset   4500 of   5364: ID ( 284,   0)  Iteration Cnt   4
  Subset   4600 of   5364: ID ( 120,  10)  Iteration Cnt   1
  Subset   4700 of   5364: ID ( 324,   1)  Iteration Cnt   1
  Subset   4800 of   5364: ID ( 317,   3)  Iteration Cnt   1
  Subset   4900 of   5364: ID ( 353,   1)  Iteration Cnt   4
  Subset   5000 of   5364: ID ( 351,   3)  Iteration Cnt   4
  Subset   5100 of   5364: ID ( 368,   8)  Iteration Cnt   4
  Subset   5200 of   5364: ID ( 416,   7)  Iteration Cnt  50
  Subset   5300 of   5364: ID ( 424,  11)  Iteration Cnt  50

  ------------------------------------------------------
  Image pair 0 processed:
    C:\Users\13694\dic-data\Canon\TC-1_Canon_00001.jpg
    C:\Users\13694\dic-data\Canon\TC-1_Canon_00002.jpg
  ------------------------------------------------------


Starting IC Optimization for Image Pair: 1
---------------------------------
  Subset      0 of   5364: ID ( 430,   4)  Iteration Cnt   1
  Subset    100 of   5364: ID ( 439,  10)  Iteration Cnt   1
  Subset    200 of   5364: ID ( 379,   2)  Iteration Cnt   5
  Subset    300 of   5364: ID ( 385,  11)  Iteration Cnt   5
  Subset    400 of   5364: ID ( 413,   7)  Iteration Cnt   1
  Subset    500 of   5364: ID ( 398,   2)  Iteration Cnt   1
  Subset    600 of   5364: ID ( 385,  10)  Iteration Cnt   4
  Subset    700 of   5364: ID ( 181,   6)  Iteration Cnt   1
  Subset    800 of   5364: ID ( 192,   3)  Iteration Cnt   1
  Subset    900 of   5364: ID ( 196,   8)  Iteration Cnt   6
  Subset   1000 of   5364: ID ( 161,  11)  Iteration Cnt   9
  Subset   1100 of   5364: ID (   4,   9)  Iteration Cnt   4
  Subset   1200 of   5364: ID (  79,  11)  Iteration Cnt   4
  Subset   1300 of   5364: ID (  91,  10)  Iteration Cnt   4
  Subset   1400 of   5364: ID (  56,  10)  Iteration Cnt   4
  Subset   1500 of   5364: ID (  43,   8)  Iteration Cnt   1
  Subset   1600 of   5364: ID (  30,   3)  Iteration Cnt   1
  Subset   1700 of   5364: ID (  26,   1)  Iteration Cnt   5
  Subset   1800 of   5364: ID (  91,   0)  Iteration Cnt   4
  Subset   1900 of   5364: ID (  78,   9)  Iteration Cnt   4
  Subset   2000 of   5364: ID (  76,   5)  Iteration Cnt   4
  Subset   2100 of   5364: ID (  97,   5)  Iteration Cnt   4
  Subset   2200 of   5364: ID (  92,   2)  Iteration Cnt   4
  Subset   2300 of   5364: ID (  18,   4)  Iteration Cnt   4
  Subset   2400 of   5364: ID ( 256,   0)  Iteration Cnt   8
  Subset   2500 of   5364: ID ( 265,   6)  Iteration Cnt   4
  Subset   2600 of   5364: ID ( 243,   8)  Iteration Cnt  22
  Subset   2700 of   5364: ID ( 243,   0)  Iteration Cnt   1
  Subset   2800 of   5364: ID ( 245,   2)  Iteration Cnt   4
  Subset   2900 of   5364: ID ( 216,   1)  Iteration Cnt   5
  Subset   3000 of   5364: ID ( 212,   2)  Iteration Cnt   5
  Subset   3100 of   5364: ID ( 227,   1)  Iteration Cnt   5
  Subset   3200 of   5364: ID ( 269,   3)  Iteration Cnt  10
  Subset   3300 of   5364: ID ( 300,   0)  Iteration Cnt   4
  Subset   3400 of   5364: ID ( 312,   9)  Iteration Cnt   4
  Subset   3500 of   5364: ID ( 290,  10)  Iteration Cnt   1
  Subset   3600 of   5364: ID ( 315,   9)  Iteration Cnt   1
  Subset   3700 of   5364: ID ( 294,   9)  Iteration Cnt   1
  Subset   3800 of   5364: ID ( 131,   3)  Iteration Cnt   4
  Subset   3900 of   5364: ID ( 151,   0)  Iteration Cnt   5
  Subset   4000 of   5364: ID ( 121,   6)  Iteration Cnt   4
  Subset   4100 of   5364: ID ( 114,  10)  Iteration Cnt   5
  Subset   4200 of   5364: ID ( 337,   4)  Iteration Cnt   6
  Subset   4300 of   5364: ID ( 326,   9)  Iteration Cnt   6
  Subset   4400 of   5364: ID ( 107,   0)  Iteration Cnt   6
  Subset   4500 of   5364: ID ( 280,   0)  Iteration Cnt   4
  Subset   4600 of   5364: ID ( 318,   9)  Iteration Cnt   1
  Subset   4700 of   5364: ID ( 144,   7)  Iteration Cnt   1
  Subset   4800 of   5364: ID ( 140,  11)  Iteration Cnt   1
  Subset   4900 of   5364: ID ( 111,   5)  Iteration Cnt   5
  Subset   5000 of   5364: ID ( 350,  11)  Iteration Cnt   4
  Subset   5100 of   5364: ID ( 347,   8)  Iteration Cnt   4
  Subset   5200 of   5364: ID ( 416,   7)  Iteration Cnt  50
  Subset   5300 of   5364: ID ( 424,  11)  Iteration Cnt  50

  ------------------------------------------------------
  Image pair 1 processed:
    C:\Users\13694\dic-data\Canon\TC-1_Canon_00001.jpg
    C:\Users\13694\dic-data\Canon\TC-1_Canon_00003.jpg
  ------------------------------------------------------


Starting IC Optimization for Image Pair: 2
---------------------------------
  Subset      0 of   5364: ID ( 430,   2)  Iteration Cnt   1
  Subset    100 of   5364: ID ( 438,   0)  Iteration Cnt   1
  Subset    200 of   5364: ID ( 371,   0)  Iteration Cnt  13
  Subset    300 of   5364: ID ( 399,   3)  Iteration Cnt   1
  Subset    400 of   5364: ID ( 405,   8)  Iteration Cnt   1
  Subset    500 of   5364: ID ( 393,   1)  Iteration Cnt   4
  Subset    600 of   5364: ID ( 380,   4)  Iteration Cnt   5
  Subset    700 of   5364: ID ( 175,   9)  Iteration Cnt   1
  Subset    800 of   5364: ID ( 182,   1)  Iteration Cnt   6
  Subset    900 of   5364: ID ( 173,   7)  Iteration Cnt   5
  Subset   1000 of   5364: ID ( 152,  11)  Iteration Cnt   4
  Subset   1100 of   5364: ID ( 214,   3)  Iteration Cnt   8
  Subset   1200 of   5364: ID ( 222,   0)  Iteration Cnt   5
  Subset   1300 of   5364: ID ( 240,   2)  Iteration Cnt   6
  Subset   1400 of   5364: ID ( 240,  10)  Iteration Cnt   1
  Subset   1500 of   5364: ID ( 210,   4)  Iteration Cnt   5
  Subset   1600 of   5364: ID ( 200,   7)  Iteration Cnt   5
  Subset   1700 of   5364: ID (  92,  11)  Iteration Cnt   4
  Subset   1800 of   5364: ID (  94,   0)  Iteration Cnt   4
  Subset   1900 of   5364: ID ( 262,  11)  Iteration Cnt   1
  Subset   2000 of   5364: ID ( 363,   1)  Iteration Cnt   5
  Subset   2100 of   5364: ID (   0,  10)  Iteration Cnt   4
  Subset   2200 of   5364: ID (  27,   9)  Iteration Cnt   1
  Subset   2300 of   5364: ID (  45,   9)  Iteration Cnt   1
  Subset   2400 of   5364: ID (  35,   6)  Iteration Cnt   1
  Subset   2500 of   5364: ID (  59,  11)  Iteration Cnt   4
  Subset   2600 of   5364: ID (  62,   3)  Iteration Cnt   4
  Subset   2700 of   5364: ID ( 269,  11)  Iteration Cnt   4
  Subset   2800 of   5364: ID (  51,  11)  Iteration Cnt   4
  Subset   2900 of   5364: ID (   9,   6)  Iteration Cnt   4
  Subset   3000 of   5364: ID ( 268,   4)  Iteration Cnt   1
  Subset   3100 of   5364: ID (  72,   6)  Iteration Cnt   4
  Subset   3200 of   5364: ID ( 301,   0)  Iteration Cnt   4
  Subset   3300 of   5364: ID ( 312,   8)  Iteration Cnt   4
  Subset   3400 of   5364: ID ( 303,  10)  Iteration Cnt   4
  Subset   3500 of   5364: ID ( 280,   9)  Iteration Cnt   1
  Subset   3600 of   5364: ID ( 116,   3)  Iteration Cnt   4
  Subset   3700 of   5364: ID ( 144,   0)  Iteration Cnt   4
  Subset   3800 of   5364: ID ( 136,   2)  Iteration Cnt   4
  Subset   3900 of   5364: ID ( 163,   2)  Iteration Cnt   1
  Subset   4000 of   5364: ID ( 157,   5)  Iteration Cnt   4
  Subset   4100 of   5364: ID ( 275,   3)  Iteration Cnt   4
  Subset   4200 of   5364: ID ( 118,   4)  Iteration Cnt   4
  Subset   4300 of   5364: ID ( 335,   5)  Iteration Cnt   6
  Subset   4400 of   5364: ID ( 338,   8)  Iteration Cnt   5
  Subset   4500 of   5364: ID ( 326,   0)  Iteration Cnt   1
  Subset   4600 of   5364: ID ( 280,   7)  Iteration Cnt   1
  Subset   4700 of   5364: ID ( 137,  10)  Iteration Cnt   1
  Subset   4800 of   5364: ID ( 319,   3)  Iteration Cnt   1
  Subset   4900 of   5364: ID ( 358,   3)  Iteration Cnt   4
  Subset   5000 of   5364: ID ( 347,   7)  Iteration Cnt  11
  Subset   5100 of   5364: ID ( 357,   4)  Iteration Cnt   4
  Subset   5200 of   5364: ID ( 416,   9)  Iteration Cnt  50
  Subset   5300 of   5364: ID ( 425,   1)  Iteration Cnt  50

  ------------------------------------------------------
  Image pair 2 processed:
    C:\Users\13694\dic-data\Canon\TC-1_Canon_00001.jpg
    C:\Users\13694\dic-data\Canon\TC-1_Canon_00004.jpg
  ------------------------------------------------------


Starting IC Optimization for Image Pair: 3
---------------------------------
  Subset      0 of   5364: ID ( 430,   0)  Iteration Cnt   1
  Subset    100 of   5364: ID ( 438,   5)  Iteration Cnt   1
  Subset    200 of   5364: ID ( 376,   3)  Iteration Cnt   5
  Subset    300 of   5364: ID ( 404,  10)  Iteration Cnt   1
  Subset    400 of   5364: ID ( 405,  10)  Iteration Cnt   1
  Subset    500 of   5364: ID ( 379,   4)  Iteration Cnt   5
  Subset    600 of   5364: ID ( 445,   1)  Iteration Cnt   5
  Subset    700 of   5364: ID ( 174,   9)  Iteration Cnt   1
  Subset    800 of   5364: ID ( 171,   8)  Iteration Cnt   5
  Subset    900 of   5364: ID ( 194,   0)  Iteration Cnt   6
  Subset   1000 of   5364: ID ( 211,   0)  Iteration Cnt   4
  Subset   1100 of   5364: ID ( 216,   5)  Iteration Cnt   9
  Subset   1200 of   5364: ID ( 208,   6)  Iteration Cnt   5
  Subset   1300 of   5364: ID ( 231,   0)  Iteration Cnt   8
  Subset   1400 of   5364: ID ( 231,   7)  Iteration Cnt   6
  Subset   1500 of   5364: ID ( 235,  10)  Iteration Cnt   5
  Subset   1600 of   5364: ID (  64,   9)  Iteration Cnt   4
  Subset   1700 of   5364: ID (  43,   4)  Iteration Cnt   1
  Subset   1800 of   5364: ID (  28,   8)  Iteration Cnt   1
  Subset   1900 of   5364: ID (  26,   5)  Iteration Cnt   5
  Subset   2000 of   5364: ID ( 251,   9)  Iteration Cnt   4
  Subset   2100 of   5364: ID ( 249,   9)  Iteration Cnt   1
  Subset   2200 of   5364: ID ( 245,   4)  Iteration Cnt   4
  Subset   2300 of   5364: ID (  95,   5)  Iteration Cnt   4
  Subset   2400 of   5364: ID (  78,  11)  Iteration Cnt   4
  Subset   2500 of   5364: ID (  65,   3)  Iteration Cnt   4
  Subset   2600 of   5364: ID (  48,   5)  Iteration Cnt   4
  Subset   2700 of   5364: ID (  54,   4)  Iteration Cnt   1
  Subset   2800 of   5364: ID ( 262,   4)  Iteration Cnt   4
  Subset   2900 of   5364: ID ( 266,   6)  Iteration Cnt   4
  Subset   3000 of   5364: ID (  77,   0)  Iteration Cnt   4
  Subset   3100 of   5364: ID (  14,   3)  Iteration Cnt   4
  Subset   3200 of   5364: ID (  20,   2)  Iteration Cnt   4
  Subset   3300 of   5364: ID ( 162,   6)  Iteration Cnt   1
  Subset   3400 of   5364: ID ( 132,   1)  Iteration Cnt  10
  Subset   3500 of   5364: ID ( 142,   4)  Iteration Cnt  26
  Subset   3600 of   5364: ID ( 123,   4)  Iteration Cnt   4
  Subset   3700 of   5364: ID ( 299,   0)  Iteration Cnt   4
  Subset   3800 of   5364: ID ( 293,   2)  Iteration Cnt   1
  Subset   3900 of   5364: ID ( 298,   8)  Iteration Cnt   1
  Subset   4000 of   5364: ID ( 120,   9)  Iteration Cnt   4
  Subset   4100 of   5364: ID ( 124,  11)  Iteration Cnt   1
  Subset   4200 of   5364: ID ( 116,   0)  Iteration Cnt   4
  Subset   4300 of   5364: ID ( 338,   0)  Iteration Cnt   7
  Subset   4400 of   5364: ID ( 329,   6)  Iteration Cnt   6
  Subset   4500 of   5364: ID ( 132,  10)  Iteration Cnt   1
  Subset   4600 of   5364: ID ( 293,   5)  Iteration Cnt   1
  Subset   4700 of   5364: ID ( 158,   6)  Iteration Cnt   4
  Subset   4800 of   5364: ID ( 159,  10)  Iteration Cnt   4
  Subset   4900 of   5364: ID ( 348,  10)  Iteration Cnt   4
  Subset   5000 of   5364: ID ( 345,   6)  Iteration Cnt   4
  Subset   5100 of   5364: ID ( 346,   4)  Iteration Cnt   4
  Subset   5200 of   5364: ID ( 416,   7)  Iteration Cnt  50
  Subset   5300 of   5364: ID ( 424,  11)  Iteration Cnt  50

  ------------------------------------------------------
  Image pair 3 processed:
    C:\Users\13694\dic-data\Canon\TC-1_Canon_00001.jpg
    C:\Users\13694\dic-data\Canon\TC-1_Canon_00005.jpg
  ------------------------------------------------------


Starting IC Optimization for Image Pair: 4
---------------------------------
  Subset      0 of   5364: ID ( 430,   0)  Iteration Cnt   1
  Subset    100 of   5364: ID ( 436,   1)  Iteration Cnt   1
  Subset    200 of   5364: ID ( 366,   0)  Iteration Cnt   7
  Subset    300 of   5364: ID ( 403,   8)  Iteration Cnt   1
  Subset    400 of   5364: ID ( 401,   4)  Iteration Cnt   1
  Subset    500 of   5364: ID ( 396,   5)  Iteration Cnt   5
  Subset    600 of   5364: ID ( 383,  11)  Iteration Cnt   5
  Subset    700 of   5364: ID ( 180,   7)  Iteration Cnt   1
  Subset    800 of   5364: ID ( 194,  10)  Iteration Cnt   1
  Subset    900 of   5364: ID ( 198,   7)  Iteration Cnt   5
  Subset   1000 of   5364: ID ( 207,   0)  Iteration Cnt   5
  Subset   1100 of   5364: ID ( 206,   6)  Iteration Cnt   5
  Subset   1200 of   5364: ID ( 224,   2)  Iteration Cnt   7
  Subset   1300 of   5364: ID ( 232,   5)  Iteration Cnt   8
  Subset   1400 of   5364: ID ( 228,  10)  Iteration Cnt   5
  Subset   1500 of   5364: ID ( 215,  10)  Iteration Cnt   9
  Subset   1600 of   5364: ID ( 208,   8)  Iteration Cnt   4
  Subset   1700 of   5364: ID (  88,  10)  Iteration Cnt   4
  Subset   1800 of   5364: ID (  96,   7)  Iteration Cnt   4
  Subset   1900 of   5364: ID (  45,   1)  Iteration Cnt   1
  Subset   2000 of   5364: ID (  28,   9)  Iteration Cnt   1
  Subset   2100 of   5364: ID (  33,   9)  Iteration Cnt   9
  Subset   2200 of   5364: ID (  58,  10)  Iteration Cnt   4
  Subset   2300 of   5364: ID ( 104,   0)  Iteration Cnt   4
  Subset   2400 of   5364: ID ( 260,   5)  Iteration Cnt   4
  Subset   2500 of   5364: ID ( 265,  11)  Iteration Cnt   4
  Subset   2600 of   5364: ID (  18,  10)  Iteration Cnt   4
  Subset   2700 of   5364: ID (  19,   7)  Iteration Cnt   4
  Subset   2800 of   5364: ID (   5,   3)  Iteration Cnt   4
  Subset   2900 of   5364: ID ( 255,   0)  Iteration Cnt  11
  Subset   3000 of   5364: ID (  66,   6)  Iteration Cnt   4
  Subset   3100 of   5364: ID ( 100,   6)  Iteration Cnt   4
  Subset   3200 of   5364: ID ( 269,   4)  Iteration Cnt   1
  Subset   3300 of   5364: ID ( 284,   9)  Iteration Cnt  10
  Subset   3400 of   5364: ID ( 290,   8)  Iteration Cnt  22
  Subset   3500 of   5364: ID ( 305,   6)  Iteration Cnt   4
  Subset   3600 of   5364: ID ( 300,   4)  Iteration Cnt   1
  Subset   3700 of   5364: ID ( 321,   1)  Iteration Cnt   4
  Subset   3800 of   5364: ID ( 332,  10)  Iteration Cnt   8
  Subset   3900 of   5364: ID ( 335,   4)  Iteration Cnt   6
  Subset   4000 of   5364: ID ( 343,   7)  Iteration Cnt  11
  Subset   4100 of   5364: ID ( 364,   9)  Iteration Cnt   1
  Subset   4200 of   5364: ID ( 356,   1)  Iteration Cnt   5
  Subset   4300 of   5364: ID ( 313,   5)  Iteration Cnt   1
  Subset   4400 of   5364: ID ( 111,   6)  Iteration Cnt   6
  Subset   4500 of   5364: ID ( 136,   2)  Iteration Cnt   4
  Subset   4600 of   5364: ID ( 159,   3)  Iteration Cnt   1
  Subset   4700 of   5364: ID ( 117,  10)  Iteration Cnt   4
  Subset   4800 of   5364: ID ( 127,  11)  Iteration Cnt   4
  Subset   4900 of   5364: ID ( 129,   7)  Iteration Cnt   1
  Subset   5000 of   5364: ID ( 131,  11)  Iteration Cnt   4
  Subset   5100 of   5364: ID ( 159,  10)  Iteration Cnt   4
  Subset   5200 of   5364: ID ( 416,   7)  Iteration Cnt  50
  Subset   5300 of   5364: ID ( 424,  11)  Iteration Cnt  50

  ------------------------------------------------------
  Image pair 4 processed:
    C:\Users\13694\dic-data\Canon\TC-1_Canon_00001.jpg
    C:\Users\13694\dic-data\Canon\TC-1_Canon_00006.jpg
  ------------------------------------------------------


Starting IC Optimization for Image Pair: 5
---------------------------------
  Subset      0 of   5364: ID ( 430,   2)  Iteration Cnt   1
  Subset    100 of   5364: ID ( 438,   5)  Iteration Cnt   1
  Subset    200 of   5364: ID ( 373,   0)  Iteration Cnt  21
  Subset    300 of   5364: ID ( 399,   0)  Iteration Cnt   1
  Subset    400 of   5364: ID ( 411,  11)  Iteration Cnt   1
  Subset    500 of   5364: ID ( 397,   7)  Iteration Cnt   5
  Subset    600 of   5364: ID ( 389,   6)  Iteration Cnt   5
  Subset    700 of   5364: ID ( 175,  11)  Iteration Cnt   1
  Subset    800 of   5364: ID ( 192,   4)  Iteration Cnt   5
  Subset    900 of   5364: ID ( 201,   2)  Iteration Cnt   4
  Subset   1000 of   5364: ID ( 187,   8)  Iteration Cnt   6
  Subset   1100 of   5364: ID ( 161,  11)  Iteration Cnt   5
  Subset   1200 of   5364: ID ( 211,   9)  Iteration Cnt   7
  Subset   1300 of   5364: ID ( 358,   9)  Iteration Cnt   5
  Subset   1400 of   5364: ID ( 356,   3)  Iteration Cnt   5
  Subset   1500 of   5364: ID ( 341,   7)  Iteration Cnt   5
  Subset   1600 of   5364: ID ( 219,   8)  Iteration Cnt   5
  Subset   1700 of   5364: ID ( 232,  11)  Iteration Cnt   5
  Subset   1800 of   5364: ID ( 238,   0)  Iteration Cnt   5
  Subset   1900 of   5364: ID ( 239,   9)  Iteration Cnt   4
  Subset   2000 of   5364: ID (  44,  11)  Iteration Cnt   1
  Subset   2100 of   5364: ID (  29,  11)  Iteration Cnt   8
  Subset   2200 of   5364: ID (  36,   5)  Iteration Cnt   8
  Subset   2300 of   5364: ID (  60,   2)  Iteration Cnt   4
  Subset   2400 of   5364: ID (  79,   4)  Iteration Cnt   4
  Subset   2500 of   5364: ID (  91,   8)  Iteration Cnt   4
  Subset   2600 of   5364: ID ( 101,   7)  Iteration Cnt   4
  Subset   2700 of   5364: ID ( 254,   8)  Iteration Cnt   4
  Subset   2800 of   5364: ID ( 258,   7)  Iteration Cnt   5
  Subset   2900 of   5364: ID (  15,   9)  Iteration Cnt   4
  Subset   3000 of   5364: ID (  21,   7)  Iteration Cnt   4
  Subset   3100 of   5364: ID (   0,   1)  Iteration Cnt   4
  Subset   3200 of   5364: ID (  66,   5)  Iteration Cnt   4
  Subset   3300 of   5364: ID ( 332,  10)  Iteration Cnt   6
  Subset   3400 of   5364: ID ( 321,   3)  Iteration Cnt   1
  Subset   3500 of   5364: ID ( 339,   6)  Iteration Cnt   6
  Subset   3600 of   5364: ID ( 315,   8)  Iteration Cnt   1
  Subset   3700 of   5364: ID ( 305,   8)  Iteration Cnt  14
  Subset   3800 of   5364: ID ( 288,   0)  Iteration Cnt   1
  Subset   3900 of   5364: ID ( 280,   7)  Iteration Cnt   8
  Subset   4000 of   5364: ID ( 278,   0)  Iteration Cnt   4
  Subset   4100 of   5364: ID (  65,   0)  Iteration Cnt   4
  Subset   4200 of   5364: ID (  74,   5)  Iteration Cnt   4
  Subset   4300 of   5364: ID (  21,   2)  Iteration Cnt   4
  Subset   4400 of   5364: ID ( 154,   1)  Iteration Cnt   1
  Subset   4500 of   5364: ID ( 129,   4)  Iteration Cnt   4
  Subset   4600 of   5364: ID ( 160,   1)  Iteration Cnt   4
  Subset   4700 of   5364: ID ( 146,   4)  Iteration Cnt   1
  Subset   4800 of   5364: ID ( 118,   8)  Iteration Cnt   4
  Subset   4900 of   5364: ID ( 372,   4)  Iteration Cnt   5
  Subset   5000 of   5364: ID ( 159,   8)  Iteration Cnt   1
  Subset   5100 of   5364: ID ( 176,   0)  Iteration Cnt   4
  Subset   5200 of   5364: ID ( 416,   5)  Iteration Cnt  50
  Subset   5300 of   5364: ID ( 424,   9)  Iteration Cnt  50

  ------------------------------------------------------
  Image pair 5 processed:
    C:\Users\13694\dic-data\Canon\TC-1_Canon_00001.jpg
    C:\Users\13694\dic-data\Canon\TC-1_Canon_00007.jpg
  ------------------------------------------------------


Starting IC Optimization for Image Pair: 6
---------------------------------
  Subset      0 of   5364: ID ( 430,   0)  Iteration Cnt   1
  Subset    100 of   5364: ID ( 436,   6)  Iteration Cnt   1
  Subset    200 of   5364: ID ( 373,   0)  Iteration Cnt   5
  Subset    300 of   5364: ID ( 380,  10)  Iteration Cnt   5
  Subset    400 of   5364: ID ( 405,   0)  Iteration Cnt   1
  Subset    500 of   5364: ID ( 399,   9)  Iteration Cnt   1
  Subset    600 of   5364: ID ( 396,   0)  Iteration Cnt   5
  Subset    700 of   5364: ID ( 362,   3)  Iteration Cnt   5
  Subset    800 of   5364: ID ( 179,   6)  Iteration Cnt   6
  Subset    900 of   5364: ID ( 196,   4)  Iteration Cnt   1
  Subset   1000 of   5364: ID ( 181,   1)  Iteration Cnt   6
  Subset   1100 of   5364: ID ( 166,  10)  Iteration Cnt   5
  Subset   1200 of   5364: ID ( 215,   4)  Iteration Cnt   5
  Subset   1300 of   5364: ID ( 221,  10)  Iteration Cnt  18
  Subset   1400 of   5364: ID ( 229,   2)  Iteration Cnt   6
  Subset   1500 of   5364: ID ( 236,   4)  Iteration Cnt   7
  Subset   1600 of   5364: ID ( 243,   0)  Iteration Cnt   5
  Subset   1700 of   5364: ID ( 343,   0)  Iteration Cnt   6
  Subset   1800 of   5364: ID ( 329,  11)  Iteration Cnt   6
  Subset   1900 of   5364: ID ( 360,   7)  Iteration Cnt   5
  Subset   2000 of   5364: ID (   6,   6)  Iteration Cnt   4
  Subset   2100 of   5364: ID (   4,   4)  Iteration Cnt   4
  Subset   2200 of   5364: ID (  59,   8)  Iteration Cnt   4
  Subset   2300 of   5364: ID (  46,   0)  Iteration Cnt   6
  Subset   2400 of   5364: ID (  30,  11)  Iteration Cnt   8
  Subset   2500 of   5364: ID (  56,   6)  Iteration Cnt   4
  Subset   2600 of   5364: ID (  71,   1)  Iteration Cnt   1
  Subset   2700 of   5364: ID ( 320,  10)  Iteration Cnt   1
  Subset   2800 of   5364: ID (  22,   5)  Iteration Cnt   4
  Subset   2900 of   5364: ID ( 322,   6)  Iteration Cnt   4
  Subset   3000 of   5364: ID ( 104,   3)  Iteration Cnt   4
  Subset   3100 of   5364: ID (  63,   2)  Iteration Cnt   4
  Subset   3200 of   5364: ID (   3,   7)  Iteration Cnt   4
  Subset   3300 of   5364: ID ( 228,   8)  Iteration Cnt   7
  Subset   3400 of   5364: ID ( 312,   3)  Iteration Cnt   1
  Subset   3500 of   5364: ID ( 303,   6)  Iteration Cnt   1
  Subset   3600 of   5364: ID (  95,   2)  Iteration Cnt   1
  Subset   3700 of   5364: ID ( 282,   3)  Iteration Cnt  14
  Subset   3800 of   5364: ID ( 275,   8)  Iteration Cnt  12
  Subset   3900 of   5364: ID (  21,   0)  Iteration Cnt   4
  Subset   4000 of   5364: ID ( 260,   9)  Iteration Cnt  10
  Subset   4100 of   5364: ID ( 267,   2)  Iteration Cnt   4
  Subset   4200 of   5364: ID ( 147,   0)  Iteration Cnt   4
  Subset   4300 of   5364: ID ( 150,   6)  Iteration Cnt   1
  Subset   4400 of   5364: ID (  88,   8)  Iteration Cnt   4
  Subset   4500 of   5364: ID ( 165,   7)  Iteration Cnt  13
  Subset   4600 of   5364: ID ( 131,   6)  Iteration Cnt   1
  Subset   4700 of   5364: ID ( 110,   4)  Iteration Cnt   6
  Subset   4800 of   5364: ID ( 135,   4)  Iteration Cnt   4
  Subset   4900 of   5364: ID ( 163,   5)  Iteration Cnt   1
  Subset   5000 of   5364: ID ( 249,   6)  Iteration Cnt   4
  Subset   5100 of   5364: ID ( 156,   9)  Iteration Cnt   4
  Subset   5200 of   5364: ID ( 416,   6)  Iteration Cnt  50
  Subset   5300 of   5364: ID ( 424,  10)  Iteration Cnt  50

  ------------------------------------------------------
  Image pair 6 processed:
    C:\Users\13694\dic-data\Canon\TC-1_Canon_00001.jpg
    C:\Users\13694\dic-data\Canon\TC-1_Canon_00008.jpg
  ------------------------------------------------------


Starting IC Optimization for Image Pair: 7
---------------------------------
  Subset      0 of   5364: ID ( 430,   0)  Iteration Cnt   1
  Subset    100 of   5364: ID ( 438,   7)  Iteration Cnt   1
  Subset    200 of   5364: ID ( 365,   0)  Iteration Cnt  35
  Subset    300 of   5364: ID ( 410,   4)  Iteration Cnt   1
  Subset    400 of   5364: ID ( 403,   9)  Iteration Cnt   1
  Subset    500 of   5364: ID ( 396,   9)  Iteration Cnt   5
  Subset    600 of   5364: ID ( 368,   2)  Iteration Cnt   6
  Subset    700 of   5364: ID ( 178,   8)  Iteration Cnt   1
  Subset    800 of   5364: ID ( 168,  10)  Iteration Cnt  10
  Subset    900 of   5364: ID ( 195,   2)  Iteration Cnt   1
  Subset   1000 of   5364: ID ( 209,   1)  Iteration Cnt   7
  Subset   1100 of   5364: ID ( 216,   0)  Iteration Cnt   5
  Subset   1200 of   5364: ID ( 226,   6)  Iteration Cnt   6
  Subset   1300 of   5364: ID ( 231,  11)  Iteration Cnt   5
  Subset   1400 of   5364: ID ( 208,  11)  Iteration Cnt  11
  Subset   1500 of   5364: ID ( 239,  10)  Iteration Cnt   4
  Subset   1600 of   5364: ID ( 241,   8)  Iteration Cnt   4
  Subset   1700 of   5364: ID ( 264,  11)  Iteration Cnt   8
  Subset   1800 of   5364: ID ( 220,   9)  Iteration Cnt  20
  Subset   1900 of   5364: ID (  45,   2)  Iteration Cnt   1
  Subset   2000 of   5364: ID (  30,   3)  Iteration Cnt   8
  Subset   2100 of   5364: ID (  51,   7)  Iteration Cnt   4
  Subset   2200 of   5364: ID (  90,   5)  Iteration Cnt   4
  Subset   2300 of   5364: ID (  25,   5)  Iteration Cnt   4
  Subset   2400 of   5364: ID (  89,   1)  Iteration Cnt   4
  Subset   2500 of   5364: ID ( 102,   8)  Iteration Cnt   1
  Subset   2600 of   5364: ID (  69,   8)  Iteration Cnt   4
  Subset   2700 of   5364: ID (  51,   4)  Iteration Cnt   4
  Subset   2800 of   5364: ID ( 331,   7)  Iteration Cnt   6
  Subset   2900 of   5364: ID ( 335,   7)  Iteration Cnt   6
  Subset   3000 of   5364: ID ( 350,   3)  Iteration Cnt   4
  Subset   3100 of   5364: ID (  10,  10)  Iteration Cnt   4
  Subset   3200 of   5364: ID (   8,   8)  Iteration Cnt   4
  Subset   3300 of   5364: ID ( 100,   6)  Iteration Cnt   4
  Subset   3400 of   5364: ID ( 282,   5)  Iteration Cnt   8
  Subset   3500 of   5364: ID (  82,   4)  Iteration Cnt   4
  Subset   3600 of   5364: ID ( 305,   0)  Iteration Cnt   4
  Subset   3700 of   5364: ID ( 314,   7)  Iteration Cnt  13
  Subset   3800 of   5364: ID ( 301,  10)  Iteration Cnt   1
  Subset   3900 of   5364: ID (  75,   5)  Iteration Cnt   4
  Subset   4000 of   5364: ID (  77,   7)  Iteration Cnt   4
  Subset   4100 of   5364: ID ( 145,   0)  Iteration Cnt   4
  Subset   4200 of   5364: ID ( 271,   5)  Iteration Cnt  10
  Subset   4300 of   5364: ID ( 272,   5)  Iteration Cnt   1
  Subset   4400 of   5364: ID (  13,   0)  Iteration Cnt   4
  Subset   4500 of   5364: ID ( 118,   0)  Iteration Cnt   4
  Subset   4600 of   5364: ID ( 135,   2)  Iteration Cnt   4
  Subset   4700 of   5364: ID (  92,  10)  Iteration Cnt   4
  Subset   4800 of   5364: ID ( 143,   6)  Iteration Cnt   1
  Subset   4900 of   5364: ID ( 111,   9)  Iteration Cnt   6
  Subset   5000 of   5364: ID ( 165,   4)  Iteration Cnt   1
  Subset   5100 of   5364: ID ( 170,   1)  Iteration Cnt   1
  Subset   5200 of   5364: ID ( 416,   5)  Iteration Cnt  50
  Subset   5300 of   5364: ID ( 424,   9)  Iteration Cnt  50

  ------------------------------------------------------
  Image pair 7 processed:
    C:\Users\13694\dic-data\Canon\TC-1_Canon_00001.jpg
    C:\Users\13694\dic-data\Canon\TC-1_Canon_00009.jpg
  ------------------------------------------------------


Starting IC Optimization for Image Pair: 8
---------------------------------
  Subset      0 of   5364: ID ( 430,   2)  Iteration Cnt   1
  Subset    100 of   5364: ID ( 436,   2)  Iteration Cnt   1
  Subset    200 of   5364: ID ( 377,   1)  Iteration Cnt   5
  Subset    300 of   5364: ID ( 410,   2)  Iteration Cnt   1
  Subset    400 of   5364: ID ( 402,   8)  Iteration Cnt   1
  Subset    500 of   5364: ID ( 394,   4)  Iteration Cnt   5
  Subset    600 of   5364: ID ( 389,   7)  Iteration Cnt   5
  Subset    700 of   5364: ID ( 176,  11)  Iteration Cnt   3
  Subset    800 of   5364: ID ( 181,   1)  Iteration Cnt   6
  Subset    900 of   5364: ID ( 198,   8)  Iteration Cnt   1
  Subset   1000 of   5364: ID ( 190,   5)  Iteration Cnt  14
  Subset   1100 of   5364: ID ( 182,  11)  Iteration Cnt  13
  Subset   1200 of   5364: ID ( 230,   2)  Iteration Cnt   6
  Subset   1300 of   5364: ID ( 234,   9)  Iteration Cnt   5
  Subset   1400 of   5364: ID ( 236,   6)  Iteration Cnt   5
  Subset   1500 of   5364: ID ( 376,   9)  Iteration Cnt   6
  Subset   1600 of   5364: ID ( 365,   7)  Iteration Cnt   5
  Subset   1700 of   5364: ID (   4,   9)  Iteration Cnt   5
  Subset   1800 of   5364: ID (  78,   3)  Iteration Cnt   4
  Subset   1900 of   5364: ID ( 347,   7)  Iteration Cnt   4
  Subset   2000 of   5364: ID ( 335,   2)  Iteration Cnt   6
  Subset   2100 of   5364: ID ( 350,  11)  Iteration Cnt   5
  Subset   2200 of   5364: ID (  75,   6)  Iteration Cnt  50
  Subset   2300 of   5364: ID (  89,   1)  Iteration Cnt   4
  Subset   2400 of   5364: ID (  44,  10)  Iteration Cnt   1
  Subset   2500 of   5364: ID (  47,  11)  Iteration Cnt   4
  Subset   2600 of   5364: ID (  30,   3)  Iteration Cnt   8
  Subset   2700 of   5364: ID (  23,  11)  Iteration Cnt   4
  Subset   2800 of   5364: ID (  48,   5)  Iteration Cnt   4
  Subset   2900 of   5364: ID ( 247,  11)  Iteration Cnt   1
  Subset   3000 of   5364: ID (  11,   7)  Iteration Cnt   4
  Subset   3100 of   5364: ID (  68,   0)  Iteration Cnt   4
  Subset   3200 of   5364: ID ( 262,  11)  Iteration Cnt   9
  Subset   3300 of   5364: ID ( 260,   2)  Iteration Cnt   8
  Subset   3400 of   5364: ID (  70,   9)  Iteration Cnt   4
  Subset   3500 of   5364: ID (  53,   3)  Iteration Cnt   4
  Subset   3600 of   5364: ID ( 316,   1)  Iteration Cnt   1
  Subset   3700 of   5364: ID ( 311,   8)  Iteration Cnt   4
  Subset   3800 of   5364: ID ( 302,   8)  Iteration Cnt   4
  Subset   3900 of   5364: ID ( 286,   9)  Iteration Cnt   4
  Subset   4000 of   5364: ID (  94,   1)  Iteration Cnt   4
  Subset   4100 of   5364: ID ( 277,   1)  Iteration Cnt   1
  Subset   4200 of   5364: ID ( 273,   7)  Iteration Cnt  10
  Subset   4300 of   5364: ID ( 275,   4)  Iteration Cnt   1
  Subset   4400 of   5364: ID ( 113,   9)  Iteration Cnt   5
  Subset   4500 of   5364: ID ( 133,   0)  Iteration Cnt   4
  Subset   4600 of   5364: ID ( 141,   3)  Iteration Cnt   1
  Subset   4700 of   5364: ID ( 254,  11)  Iteration Cnt   4
  Subset   4800 of   5364: ID ( 146,   4)  Iteration Cnt   1
  Subset   4900 of   5364: ID ( 171,   2)  Iteration Cnt   4
  Subset   5000 of   5364: ID ( 376,  11)  Iteration Cnt   6
  Subset   5100 of   5364: ID ( 133,   8)  Iteration Cnt   4
  Subset   5200 of   5364: ID ( 416,   7)  Iteration Cnt  50
  Subset   5300 of   5364: ID ( 424,  11)  Iteration Cnt  50

  ------------------------------------------------------
  Image pair 8 processed:
    C:\Users\13694\dic-data\Canon\TC-1_Canon_00001.jpg
    C:\Users\13694\dic-data\Canon\TC-1_Canon_00010.jpg
  ------------------------------------------------------


Starting IC Optimization for Image Pair: 9
---------------------------------
  Subset      0 of   5364: ID ( 430,   0)  Iteration Cnt   1
  Subset    100 of   5364: ID ( 438,   2)  Iteration Cnt   1
  Subset    200 of   5364: ID ( 370,   0)  Iteration Cnt  18
  Subset    300 of   5364: ID ( 404,   5)  Iteration Cnt   1
  Subset    400 of   5364: ID ( 409,  10)  Iteration Cnt   1
  Subset    500 of   5364: ID ( 397,  11)  Iteration Cnt   4
  Subset    600 of   5364: ID ( 380,   7)  Iteration Cnt   4
  Subset    700 of   5364: ID ( 174,  11)  Iteration Cnt   8
  Subset    800 of   5364: ID ( 191,   7)  Iteration Cnt   8
  Subset    900 of   5364: ID ( 181,   2)  Iteration Cnt   5
  Subset   1000 of   5364: ID ( 178,   4)  Iteration Cnt   7
  Subset   1100 of   5364: ID ( 368,   3)  Iteration Cnt   5
  Subset   1200 of   5364: ID ( 217,   7)  Iteration Cnt   7
  Subset   1300 of   5364: ID ( 224,   2)  Iteration Cnt   5
  Subset   1400 of   5364: ID ( 366,   9)  Iteration Cnt   5
  Subset   1500 of   5364: ID ( 339,   6)  Iteration Cnt   8
  Subset   1600 of   5364: ID ( 336,   1)  Iteration Cnt   8
  Subset   1700 of   5364: ID ( 335,   9)  Iteration Cnt   6
  Subset   1800 of   5364: ID (  77,   0)  Iteration Cnt   4
  Subset   1900 of   5364: ID (  56,  10)  Iteration Cnt   4
  Subset   2000 of   5364: ID (  48,   2)  Iteration Cnt   4
  Subset   2100 of   5364: ID (  56,   3)  Iteration Cnt   4
  Subset   2200 of   5364: ID (  72,   0)  Iteration Cnt   4
  Subset   2300 of   5364: ID (  94,   7)  Iteration Cnt   4
  Subset   2400 of   5364: ID ( 102,   6)  Iteration Cnt   4
  Subset   2500 of   5364: ID ( 331,   8)  Iteration Cnt   6
  Subset   2600 of   5364: ID (  29,   7)  Iteration Cnt   8
  Subset   2700 of   5364: ID (  21,   7)  Iteration Cnt   4
  Subset   2800 of   5364: ID (   1,   5)  Iteration Cnt   4
  Subset   2900 of   5364: ID ( 317,   0)  Iteration Cnt   1
  Subset   3000 of   5364: ID (  11,   8)  Iteration Cnt   4
  Subset   3100 of   5364: ID ( 357,   1)  Iteration Cnt   4
  Subset   3200 of   5364: ID (  17,   9)  Iteration Cnt   4
  Subset   3300 of   5364: ID ( 266,   9)  Iteration Cnt   4
  Subset   3400 of   5364: ID ( 254,   2)  Iteration Cnt   5
  Subset   3500 of   5364: ID ( 244,   6)  Iteration Cnt   4
  Subset   3600 of   5364: ID ( 232,  11)  Iteration Cnt   5
  Subset   3700 of   5364: ID ( 254,  11)  Iteration Cnt   4
  Subset   3800 of   5364: ID ( 311,   7)  Iteration Cnt   1
  Subset   3900 of   5364: ID ( 284,  10)  Iteration Cnt  10
  Subset   4000 of   5364: ID ( 301,   9)  Iteration Cnt   1
  Subset   4100 of   5364: ID ( 252,  11)  Iteration Cnt   1
  Subset   4200 of   5364: ID ( 228,   5)  Iteration Cnt   8
  Subset   4300 of   5364: ID ( 130,   3)  Iteration Cnt  10
  Subset   4400 of   5364: ID ( 125,   7)  Iteration Cnt   1
  Subset   4500 of   5364: ID ( 164,   2)  Iteration Cnt   1
  Subset   4600 of   5364: ID ( 109,   6)  Iteration Cnt   6
  Subset   4700 of   5364: ID ( 106,   5)  Iteration Cnt   6
  Subset   4800 of   5364: ID ( 296,   7)  Iteration Cnt   1
  Subset   4900 of   5364: ID ( 280,   8)  Iteration Cnt   1
  Subset   5000 of   5364: ID ( 108,   1)  Iteration Cnt   6
  Subset   5100 of   5364: ID ( 176,   0)  Iteration Cnt   4
  Subset   5200 of   5364: ID ( 416,   5)  Iteration Cnt  50
  Subset   5300 of   5364: ID ( 424,   9)  Iteration Cnt  50

  ------------------------------------------------------
  Image pair 9 processed:
    C:\Users\13694\dic-data\Canon\TC-1_Canon_00001.jpg
    C:\Users\13694\dic-data\Canon\TC-1_Canon_00011.jpg
  ------------------------------------------------------


Analysis complete! 10 image pairs processed.
Results saved to: C:\Users\13694\SUN-DIC\canon_results.bin

============================================================
Post-processing results...
============================================================

--- Displacement Magnitude ---
  Grid: 447 rows ℅ 12 cols = 5364 subsets
  Valid displacement points: 2615

--- Strain ---
  Strain grid: 447 rows ℅ 12 cols

Generating plots...
  Saved: canon_disp_mag.png
  Saved: canon_disp_x.png
  Saved: canon_disp_y.png
  Saved: canon_strain_vm.png
  Saved: canon_zncc.png

Done! All results saved.
